0 info it worked if it ends with ok
1 verbose cli [ 'C:\\Program Files (x86)\\nodejs\\node.exe',
1 verbose cli   'C:\\Program Files (x86)\\nodejs\\node_modules\\npm\\bin\\npm-cli.js',
1 verbose cli   'start' ]
2 info using npm@3.6.0
3 info using node@v5.7.1
4 verbose run-script [ 'prestart', 'start', 'poststart' ]
5 info lifecycle tetoris2@0.1.0~prestart: tetoris2@0.1.0
6 silly lifecycle tetoris2@0.1.0~prestart: no script for prestart, continuing
7 info lifecycle tetoris2@0.1.0~start: tetoris2@0.1.0
8 verbose lifecycle tetoris2@0.1.0~start: unsafe-perm in lifecycle true
9 verbose lifecycle tetoris2@0.1.0~start: PATH: C:\Program Files (x86)\nodejs\node_modules\npm\bin\node-gyp-bin;D:\kaito's file\programs\tetoris2\node_modules\.bin;C:\Users\User\bin;C:\Program Files\Git\mingw64\bin;C:\Program Files\Git\usr\local\bin;C:\Program Files\Git\usr\bin;C:\Program Files\Git\usr\bin;C:\Program Files\Git\mingw64\bin;C:\Program Files\Git\usr\bin;C:\Users\User\bin;C:\Python34\Lib\site-packages\PyQt4;C:\Perl64\site\bin;C:\Perl64\bin;C:\Program Files\Java\jdk1.8.0_45\bin;C:\ProgramData\Oracle\Java\javapath;C:\Program Files (x86)\Common Files\Apple\Apple Application Support;C:\Program Files\Broadcom\Broadcom 802.11 Network Adapter;C:\Program Files (x86)\Intel\iCLS Client;C:\Program Files\Intel\iCLS Client;C:\windows\system32;C:\windows;C:\windows\System32\Wbem;C:\windows\System32\WindowsPowerShell\v1.0;C:\Program Files\Intel\Intel(R) Management Engine Components\DAL;C:\Program Files\Intel\Intel(R) Management Engine Components\IPT;C:\Program Files (x86)\Intel\Intel(R) Management Engine Components\DAL;C:\Program Files (x86)\Intel\Intel(R) Management Engine Components\IPT;C:\Program Files (x86)\Common Files\Roxio Shared\DLLShared;C:\Program Files (x86)\Common Files\Roxio Shared\OEM\12.0\DLLShared;C:\Program Files (x86)\Roxio 2010\OEM\AudioCore;C:\Program Files\Microsoft SQL Server\110\Tools\Binn;C:\Program Files (x86)\Microsoft SDKs\TypeScript\1.0;C:\Program Files\Microsoft SQL Server\120\Tools\Binn;C:\Program Files (x86)\Windows Live\Shared;C:\Borland\Bcc55\bin;C:\Program Files (x86)\GtkSharp\2.12\bin;C:\Program Files\Microsoft\Web Platform Installer;C:\WINDOWS\system32;C:\WINDOWS;C:\WINDOWS\System32\Wbem;C:\WINDOWS\System32\WindowsPowerShell\v1.0;C:\Users\User\.dnx\bin;C:\Program Files\Microsoft DNX\Dnvm;C:\MinGW\bin;C:\Perl64\bin;C:\Program Files (x86)\Skype\Phone;C:\Program Files (x86)\Windows Kits\10\Windows Performance Toolkit;C:\Program Files (x86)\Brackets\command;C:\php;C:\Program Files (x86)\nodejs;D:\kaito's file\sqlite-tools-win32-x86-3120000;C:\HashiCorp\Vagrant\bin;C:\Program Files\Git\cmd;C:\Users\User\AppData\Local\Programs\Python\Python35\Scripts;C:\Users\User\AppData\Local\Programs\Python\Python35;C:\MinGW\bin;C:\Users\User\.dnx\bin;C:\Ruby22-x64\bin;C:\Program Files\Java\jdk1.8.0_45\bin;C:\Users\User\AppData\Local\atom\app-0.208.0;C:\Users\User\AppData\Local\atom\bin;C:\Program Files (x86)\Microsoft VS Code\bin;D:\kaito's file\programs\Project cipher;C:\Perl64\bin;D:\kaito's file\downloads\jsshell-win64;C:\php;D:\kaito's file\downloads\exerb-5.4.0\bin;C:\Users\User\AppData\Roaming\npm;C:\Program Files\Git;C:\Program Files\Git\usr\bin\vendor_perl;C:\Program Files\Git\usr\bin\core_perl
10 verbose lifecycle tetoris2@0.1.0~start: CWD: D:\kaito's file\programs\tetoris2
11 silly lifecycle tetoris2@0.1.0~start: Args: [ '/d /s /c', 'electron .' ]
12 silly lifecycle tetoris2@0.1.0~start: Returned: code: 1073807364  signal: null
13 info lifecycle tetoris2@0.1.0~start: Failed to exec start script
14 verbose stack Error: tetoris2@0.1.0 start: `electron .`
14 verbose stack Exit status 1073807364
14 verbose stack     at EventEmitter.<anonymous> (C:\Program Files (x86)\nodejs\node_modules\npm\lib\utils\lifecycle.js:232:16)
14 verbose stack     at emitTwo (events.js:100:13)
14 verbose stack     at EventEmitter.emit (events.js:185:7)
14 verbose stack     at ChildProcess.<anonymous> (C:\Program Files (x86)\nodejs\node_modules\npm\lib\utils\spawn.js:24:14)
14 verbose stack     at emitTwo (events.js:100:13)
14 verbose stack     at ChildProcess.emit (events.js:185:7)
14 verbose stack     at maybeClose (internal/child_process.js:827:16)
14 verbose stack     at Process.ChildProcess._handle.onexit (internal/child_process.js:211:5)
15 verbose pkgid tetoris2@0.1.0
16 verbose cwd D:\kaito's file\programs\tetoris2
17 error Windows_NT 10.0.10586
18 error argv "C:\\Program Files (x86)\\nodejs\\node.exe" "C:\\Program Files (x86)\\nodejs\\node_modules\\npm\\bin\\npm-cli.js" "start"
19 error node v5.7.1
20 error npm  v3.6.0
21 error code ELIFECYCLE
22 error tetoris2@0.1.0 start: `electron .`
22 error Exit status 1073807364
23 error Failed at the tetoris2@0.1.0 start script 'electron .'.
23 error Make sure you have the latest version of node.js and npm installed.
23 error If you do, this is most likely a problem with the tetoris2 package,
23 error not with npm itself.
23 error Tell the author that this fails on your system:
23 error     electron .
23 error You can get information on how to open an issue for this project with:
23 error     npm bugs tetoris2
23 error Or if that isn't available, you can get their info via:
23 error     npm owner ls tetoris2
23 error There is likely additional logging output above.
24 verbose exit [ 1, true ]
